Arguments: 
  /usr/local/bin/node /usr/bin/yarn

PATH: 
  /home/bran/.local/bin:/usr/local/bin:/usr/local/sbin:/usr/bin:/opt/android-sdk/platform-tools:/opt/android-sdk/tools:/opt/android-sdk/tools/bin:/usr/lib/jvm/default/bin:/usr/bin/site_perl:/usr/bin/vendor_perl:/usr/bin/core_perl:/var/lib/snapd/snap/bin

Yarn version: 
  1.21.1

Node version: 
  13.5.0

Platform: 
  linux x64

Trace: 
  Error: EACCES: permission denied, mkdir '/home/bran/Desktop/Facia/node_modules/abab'

npm manifest: 
  {
      "private": true,
      "workspaces": [
          "frontend",
          "server"
      ]
  }

yarn manifest: 
  No manifest

Lockfile: 
  No lockfile
